{"C:\\Users\\sally\\Codeworks\\LegacyProjec\\give-me-five-beers\\server\\dbConfig.ts": {"path":"C:\\Users\\sally\\Codeworks\\LegacyProjec\\give-me-five-beers\\server\\dbConfig.ts","statementMap":{"0":{"start":{"line":1,"column":17},"end":{"line":1,"column":36}},"1":{"start":{"line":3,"column":25},"end":{"line":12,"column":2}},"2":{"start":{"line":3,"column":36},"end":{"line":12,"column":2}},"3":{"start":{"line":4,"column":2},"end":{"line":11,"column":null}},"4":{"start":{"line":5,"column":4},"end":{"line":7,"column":7}},"5":{"start":{"line":6,"column":6},"end":{"line":6,"column":66}},"6":{"start":{"line":9,"column":4},"end":{"line":9,"column":23}},"7":{"start":{"line":10,"column":4},"end":{"line":10,"column":20}},"8":{"start":{"line":3,"column":13},"end":{"line":3,"column":25}}},"fnMap":{"0":{"name":"(anonymous_7)","decl":{"start":{"line":3,"column":25},"end":{"line":3,"column":34}},"loc":{"start":{"line":3,"column":36},"end":{"line":12,"column":2}}},"1":{"name":"(anonymous_8)","decl":{"start":{"line":3,"column":36},"end":{"line":3,"column":null}},"loc":{"start":{"line":3,"column":36},"end":{"line":12,"column":1}}},"2":{"name":"(anonymous_9)","decl":{"start":{"line":5,"column":55},"end":{"line":5,"column":58}},"loc":{"start":{"line":5,"column":60},"end":{"line":7,"column":5}}}},"branchMap":{},"s":{"0":1,"1":1,"2":1,"3":1,"4":1,"5":0,"6":0,"7":0,"8":1},"f":{"0":1,"1":1,"2":0},"b":{}}
,"C:\\Users\\sally\\Codeworks\\LegacyProjec\\give-me-five-beers\\server\\index.ts": {"path":"C:\\Users\\sally\\Codeworks\\LegacyProjec\\give-me-five-beers\\server\\index.ts","statementMap":{"0":{"start":{"line":1,"column":0},"end":{"line":1,"column":30}},"1":{"start":{"line":2,"column":0},"end":{"line":2,"column":24}},"2":{"start":{"line":3,"column":0},"end":{"line":3,"column":28}},"3":{"start":{"line":5,"column":0},"end":{"line":5,"column":39}},"4":{"start":{"line":6,"column":0},"end":{"line":6,"column":30}},"5":{"start":{"line":8,"column":0},"end":{"line":8,"column":16}},"6":{"start":{"line":9,"column":0},"end":{"line":9,"column":12}},"7":{"start":{"line":11,"column":12},"end":{"line":11,"column":21}},"8":{"start":{"line":12,"column":13},"end":{"line":12,"column":29}},"9":{"start":{"line":14,"column":0},"end":{"line":14,"column":16}},"10":{"start":{"line":15,"column":0},"end":{"line":15,"column":24}},"11":{"start":{"line":16,"column":0},"end":{"line":16,"column":16}},"12":{"start":{"line":18,"column":0},"end":{"line":20,"column":3}},"13":{"start":{"line":19,"column":2},"end":{"line":19,"column":62}},"14":{"start":{"line":23,"column":0},"end":{"line":23,"column":19}}},"fnMap":{"0":{"name":"(anonymous_1)","decl":{"start":{"line":18,"column":17},"end":{"line":18,"column":20}},"loc":{"start":{"line":18,"column":22},"end":{"line":20,"column":1}}}},"branchMap":{},"s":{"0":1,"1":1,"2":1,"3":1,"4":1,"5":1,"6":1,"7":1,"8":1,"9":1,"10":1,"11":1,"12":1,"13":1,"14":1},"f":{"0":1},"b":{}}
,"C:\\Users\\sally\\Codeworks\\LegacyProjec\\give-me-five-beers\\server\\router.ts": {"path":"C:\\Users\\sally\\Codeworks\\LegacyProjec\\give-me-five-beers\\server\\router.ts","statementMap":{"0":{"start":{"line":1,"column":0},"end":{"line":1,"column":33}},"1":{"start":{"line":3,"column":0},"end":{"line":3,"column":63}},"2":{"start":{"line":4,"column":0},"end":{"line":4,"column":63}},"3":{"start":{"line":5,"column":0},"end":{"line":5,"column":61}},"4":{"start":{"line":6,"column":0},"end":{"line":6,"column":67}},"5":{"start":{"line":8,"column":15},"end":{"line":8,"column":23}},"6":{"start":{"line":10,"column":0},"end":{"line":12,"column":3}},"7":{"start":{"line":11,"column":2},"end":{"line":11,"column":51}},"8":{"start":{"line":14,"column":0},"end":{"line":14,"column":48}},"9":{"start":{"line":15,"column":0},"end":{"line":15,"column":50}},"10":{"start":{"line":17,"column":0},"end":{"line":17,"column":52}},"11":{"start":{"line":18,"column":0},"end":{"line":18,"column":48}},"12":{"start":{"line":20,"column":0},"end":{"line":20,"column":57}},"13":{"start":{"line":21,"column":0},"end":{"line":21,"column":46}},"14":{"start":{"line":22,"column":0},"end":{"line":22,"column":59}},"15":{"start":{"line":26,"column":0},"end":{"line":26,"column":56}},"16":{"start":{"line":27,"column":0},"end":{"line":27,"column":60}},"17":{"start":{"line":29,"column":0},"end":{"line":29,"column":62}},"18":{"start":{"line":34,"column":0},"end":{"line":34,"column":56}},"19":{"start":{"line":36,"column":0},"end":{"line":36,"column":65}},"20":{"start":{"line":37,"column":0},"end":{"line":37,"column":78}},"21":{"start":{"line":38,"column":0},"end":{"line":38,"column":55}},"22":{"start":{"line":40,"column":0},"end":{"line":40,"column":22}}},"fnMap":{"0":{"name":"(anonymous_6)","decl":{"start":{"line":10,"column":16},"end":{"line":10,"column":17}},"loc":{"start":{"line":10,"column":29},"end":{"line":12,"column":1}}}},"branchMap":{},"s":{"0":1,"1":1,"2":1,"3":1,"4":1,"5":1,"6":1,"7":1,"8":1,"9":1,"10":1,"11":1,"12":1,"13":1,"14":1,"15":1,"16":1,"17":1,"18":1,"19":1,"20":1,"21":1,"22":1},"f":{"0":1},"b":{}}
,"C:\\Users\\sally\\Codeworks\\LegacyProjec\\give-me-five-beers\\server\\controller\\bar.controller.ts": {"path":"C:\\Users\\sally\\Codeworks\\LegacyProjec\\give-me-five-beers\\server\\controller\\bar.controller.ts","statementMap":{"0":{"start":{"line":3,"column":0},"end":{"line":3,"column":47}},"1":{"start":{"line":15,"column":21},"end":{"line":20,"column":2}},"2":{"start":{"line":15,"column":59},"end":{"line":20,"column":2}},"3":{"start":{"line":16,"column":2},"end":{"line":19,"column":20}},"4":{"start":{"line":17,"column":16},"end":{"line":17,"column":45}},"5":{"start":{"line":18,"column":4},"end":{"line":18,"column":30}},"6":{"start":{"line":36,"column":9},"end":{"line":36,"column":21}},"7":{"start":{"line":22,"column":21},"end":{"line":34,"column":2}},"8":{"start":{"line":22,"column":59},"end":{"line":34,"column":2}},"9":{"start":{"line":23,"column":2},"end":{"line":33,"column":20}},"10":{"start":{"line":26,"column":8},"end":{"line":26,"column":11}},"11":{"start":{"line":28,"column":4},"end":{"line":32,"column":null}},"12":{"start":{"line":29,"column":18},"end":{"line":29,"column":49}},"13":{"start":{"line":31,"column":6},"end":{"line":31,"column":32}},"14":{"start":{"line":36,"column":23},"end":{"line":36,"column":35}}},"fnMap":{"0":{"name":"(anonymous_13)","decl":{"start":{"line":15,"column":21},"end":{"line":15,"column":28}},"loc":{"start":{"line":15,"column":59},"end":{"line":20,"column":2}}},"1":{"name":"(anonymous_14)","decl":{"start":{"line":15,"column":59},"end":{"line":15,"column":null}},"loc":{"start":{"line":15,"column":59},"end":{"line":20,"column":1}}},"2":{"name":"(anonymous_15)","decl":{"start":{"line":22,"column":21},"end":{"line":22,"column":28}},"loc":{"start":{"line":22,"column":59},"end":{"line":34,"column":2}}},"3":{"name":"(anonymous_16)","decl":{"start":{"line":22,"column":59},"end":{"line":22,"column":null}},"loc":{"start":{"line":22,"column":59},"end":{"line":34,"column":1}}}},"branchMap":{"0":{"loc":{"start":{"line":28,"column":4},"end":{"line":32,"column":null}},"type":"if","locations":[{"start":{"line":28,"column":4},"end":{"line":32,"column":null}}]}},"s":{"0":1,"1":1,"2":0,"3":0,"4":0,"5":0,"6":1,"7":1,"8":0,"9":0,"10":0,"11":0,"12":0,"13":0,"14":1},"f":{"0":0,"1":0,"2":0,"3":0},"b":{"0":[0]}}
,"C:\\Users\\sally\\Codeworks\\LegacyProjec\\give-me-five-beers\\server\\controller\\choice.controller.ts": {"path":"C:\\Users\\sally\\Codeworks\\LegacyProjec\\give-me-five-beers\\server\\controller\\choice.controller.ts","statementMap":{"0":{"start":{"line":3,"column":0},"end":{"line":3,"column":53}},"1":{"start":{"line":5,"column":23},"end":{"line":30,"column":2}},"2":{"start":{"line":5,"column":61},"end":{"line":30,"column":2}},"3":{"start":{"line":6,"column":2},"end":{"line":29,"column":null}},"4":{"start":{"line":10,"column":8},"end":{"line":10,"column":11}},"5":{"start":{"line":12,"column":4},"end":{"line":14,"column":null}},"6":{"start":{"line":13,"column":6},"end":{"line":13,"column":42}},"7":{"start":{"line":16,"column":22},"end":{"line":20,"column":6}},"8":{"start":{"line":22,"column":4},"end":{"line":24,"column":null}},"9":{"start":{"line":23,"column":6},"end":{"line":23,"column":37}},"10":{"start":{"line":26,"column":4},"end":{"line":26,"column":36}},"11":{"start":{"line":28,"column":4},"end":{"line":28,"column":32}},"12":{"start":{"line":32,"column":9},"end":{"line":32,"column":23}}},"fnMap":{"0":{"name":"(anonymous_13)","decl":{"start":{"line":5,"column":23},"end":{"line":5,"column":30}},"loc":{"start":{"line":5,"column":61},"end":{"line":30,"column":2}}},"1":{"name":"(anonymous_14)","decl":{"start":{"line":5,"column":61},"end":{"line":5,"column":null}},"loc":{"start":{"line":5,"column":61},"end":{"line":30,"column":1}}}},"branchMap":{"0":{"loc":{"start":{"line":12,"column":4},"end":{"line":14,"column":null}},"type":"if","locations":[{"start":{"line":12,"column":4},"end":{"line":14,"column":null}}]},"1":{"loc":{"start":{"line":12,"column":8},"end":{"line":12,"column":44}},"type":"binary-expr","locations":[{"start":{"line":12,"column":8},"end":{"line":12,"column":22}},{"start":{"line":12,"column":26},"end":{"line":12,"column":44}}]},"2":{"loc":{"start":{"line":22,"column":4},"end":{"line":24,"column":null}},"type":"if","locations":[{"start":{"line":22,"column":4},"end":{"line":24,"column":null}}]}},"s":{"0":1,"1":1,"2":0,"3":0,"4":0,"5":0,"6":0,"7":0,"8":0,"9":0,"10":0,"11":0,"12":1},"f":{"0":0,"1":0},"b":{"0":[0],"1":[0,0],"2":[0]}}
,"C:\\Users\\sally\\Codeworks\\LegacyProjec\\give-me-five-beers\\server\\controller\\todo.controller.ts": {"path":"C:\\Users\\sally\\Codeworks\\LegacyProjec\\give-me-five-beers\\server\\controller\\todo.controller.ts","statementMap":{"0":{"start":{"line":3,"column":0},"end":{"line":3,"column":49}},"1":{"start":{"line":5,"column":16},"end":{"line":16,"column":2}},"2":{"start":{"line":5,"column":54},"end":{"line":16,"column":2}},"3":{"start":{"line":6,"column":2},"end":{"line":15,"column":null}},"4":{"start":{"line":9,"column":8},"end":{"line":9,"column":11}},"5":{"start":{"line":10,"column":17},"end":{"line":10,"column":48}},"6":{"start":{"line":12,"column":4},"end":{"line":12,"column":31}},"7":{"start":{"line":14,"column":4},"end":{"line":14,"column":23}},"8":{"start":{"line":42,"column":9},"end":{"line":42,"column":16}},"9":{"start":{"line":18,"column":17},"end":{"line":27,"column":2}},"10":{"start":{"line":18,"column":55},"end":{"line":27,"column":2}},"11":{"start":{"line":19,"column":2},"end":{"line":26,"column":null}},"12":{"start":{"line":20,"column":21},"end":{"line":20,"column":24}},"13":{"start":{"line":21,"column":17},"end":{"line":21,"column":47}},"14":{"start":{"line":23,"column":4},"end":{"line":23,"column":31}},"15":{"start":{"line":25,"column":4},"end":{"line":25,"column":23}},"16":{"start":{"line":42,"column":18},"end":{"line":42,"column":26}},"17":{"start":{"line":29,"column":17},"end":{"line":40,"column":2}},"18":{"start":{"line":29,"column":55},"end":{"line":40,"column":2}},"19":{"start":{"line":30,"column":2},"end":{"line":39,"column":null}},"20":{"start":{"line":33,"column":8},"end":{"line":33,"column":11}},"21":{"start":{"line":34,"column":17},"end":{"line":34,"column":55}},"22":{"start":{"line":36,"column":4},"end":{"line":36,"column":31}},"23":{"start":{"line":38,"column":4},"end":{"line":38,"column":23}},"24":{"start":{"line":42,"column":28},"end":{"line":42,"column":36}}},"fnMap":{"0":{"name":"(anonymous_13)","decl":{"start":{"line":5,"column":16},"end":{"line":5,"column":23}},"loc":{"start":{"line":5,"column":54},"end":{"line":16,"column":2}}},"1":{"name":"(anonymous_14)","decl":{"start":{"line":5,"column":54},"end":{"line":5,"column":null}},"loc":{"start":{"line":5,"column":54},"end":{"line":16,"column":1}}},"2":{"name":"(anonymous_15)","decl":{"start":{"line":18,"column":17},"end":{"line":18,"column":24}},"loc":{"start":{"line":18,"column":55},"end":{"line":27,"column":2}}},"3":{"name":"(anonymous_16)","decl":{"start":{"line":18,"column":55},"end":{"line":18,"column":null}},"loc":{"start":{"line":18,"column":55},"end":{"line":27,"column":1}}},"4":{"name":"(anonymous_17)","decl":{"start":{"line":29,"column":17},"end":{"line":29,"column":24}},"loc":{"start":{"line":29,"column":55},"end":{"line":40,"column":2}}},"5":{"name":"(anonymous_18)","decl":{"start":{"line":29,"column":55},"end":{"line":29,"column":null}},"loc":{"start":{"line":29,"column":55},"end":{"line":40,"column":1}}}},"branchMap":{},"s":{"0":1,"1":1,"2":0,"3":0,"4":0,"5":0,"6":0,"7":0,"8":1,"9":1,"10":0,"11":0,"12":0,"13":0,"14":0,"15":0,"16":1,"17":1,"18":0,"19":0,"20":0,"21":0,"22":0,"23":0,"24":1},"f":{"0":0,"1":0,"2":0,"3":0,"4":0,"5":0},"b":{}}
,"C:\\Users\\sally\\Codeworks\\LegacyProjec\\give-me-five-beers\\server\\controller\\user.controller.ts": {"path":"C:\\Users\\sally\\Codeworks\\LegacyProjec\\give-me-five-beers\\server\\controller\\user.controller.ts","statementMap":{"0":{"start":{"line":3,"column":0},"end":{"line":3,"column":49}},"1":{"start":{"line":5,"column":16},"end":{"line":15,"column":2}},"2":{"start":{"line":5,"column":54},"end":{"line":15,"column":2}},"3":{"start":{"line":6,"column":2},"end":{"line":14,"column":null}},"4":{"start":{"line":9,"column":8},"end":{"line":9,"column":11}},"5":{"start":{"line":10,"column":17},"end":{"line":10,"column":48}},"6":{"start":{"line":11,"column":4},"end":{"line":11,"column":31}},"7":{"start":{"line":13,"column":4},"end":{"line":13,"column":23}},"8":{"start":{"line":102,"column":2},"end":{"line":102,"column":9}},"9":{"start":{"line":17,"column":18},"end":{"line":30,"column":2}},"10":{"start":{"line":17,"column":56},"end":{"line":30,"column":2}},"11":{"start":{"line":18,"column":2},"end":{"line":29,"column":null}},"12":{"start":{"line":19,"column":27},"end":{"line":19,"column":30}},"13":{"start":{"line":20,"column":21},"end":{"line":20,"column":52}},"14":{"start":{"line":22,"column":4},"end":{"line":24,"column":null}},"15":{"start":{"line":23,"column":6},"end":{"line":23,"column":45}},"16":{"start":{"line":26,"column":4},"end":{"line":26,"column":50}},"17":{"start":{"line":28,"column":4},"end":{"line":28,"column":32}},"18":{"start":{"line":103,"column":2},"end":{"line":103,"column":11}},"19":{"start":{"line":32,"column":19},"end":{"line":45,"column":2}},"20":{"start":{"line":32,"column":57},"end":{"line":45,"column":2}},"21":{"start":{"line":33,"column":2},"end":{"line":44,"column":null}},"22":{"start":{"line":34,"column":27},"end":{"line":34,"column":30}},"23":{"start":{"line":35,"column":22},"end":{"line":35,"column":54}},"24":{"start":{"line":37,"column":4},"end":{"line":39,"column":null}},"25":{"start":{"line":38,"column":6},"end":{"line":38,"column":33}},"26":{"start":{"line":41,"column":4},"end":{"line":41,"column":51}},"27":{"start":{"line":43,"column":4},"end":{"line":43,"column":32}},"28":{"start":{"line":104,"column":2},"end":{"line":104,"column":12}},"29":{"start":{"line":47,"column":19},"end":{"line":68,"column":2}},"30":{"start":{"line":47,"column":57},"end":{"line":68,"column":2}},"31":{"start":{"line":48,"column":2},"end":{"line":67,"column":null}},"32":{"start":{"line":52,"column":8},"end":{"line":52,"column":11}},"33":{"start":{"line":54,"column":4},"end":{"line":56,"column":null}},"34":{"start":{"line":55,"column":6},"end":{"line":55,"column":54}},"35":{"start":{"line":58,"column":22},"end":{"line":58,"column":56}},"36":{"start":{"line":60,"column":4},"end":{"line":62,"column":null}},"37":{"start":{"line":61,"column":6},"end":{"line":61,"column":38}},"38":{"start":{"line":64,"column":4},"end":{"line":64,"column":36}},"39":{"start":{"line":66,"column":4},"end":{"line":66,"column":32}},"40":{"start":{"line":105,"column":2},"end":{"line":105,"column":12}},"41":{"start":{"line":70,"column":20},"end":{"line":79,"column":2}},"42":{"start":{"line":70,"column":58},"end":{"line":79,"column":2}},"43":{"start":{"line":71,"column":2},"end":{"line":78,"column":20}},"44":{"start":{"line":74,"column":8},"end":{"line":74,"column":11}},"45":{"start":{"line":75,"column":24},"end":{"line":75,"column":59}},"46":{"start":{"line":77,"column":4},"end":{"line":77,"column":38}},"47":{"start":{"line":106,"column":2},"end":{"line":106,"column":13}},"48":{"start":{"line":81,"column":26},"end":{"line":90,"column":2}},"49":{"start":{"line":81,"column":64},"end":{"line":90,"column":2}},"50":{"start":{"line":82,"column":2},"end":{"line":89,"column":20}},"51":{"start":{"line":85,"column":8},"end":{"line":85,"column":11}},"52":{"start":{"line":86,"column":24},"end":{"line":86,"column":65}},"53":{"start":{"line":88,"column":4},"end":{"line":88,"column":38}},"54":{"start":{"line":107,"column":2},"end":{"line":107,"column":19}},"55":{"start":{"line":92,"column":22},"end":{"line":99,"column":2}},"56":{"start":{"line":92,"column":60},"end":{"line":99,"column":2}},"57":{"start":{"line":93,"column":2},"end":{"line":98,"column":20}},"58":{"start":{"line":94,"column":35},"end":{"line":94,"column":38}},"59":{"start":{"line":95,"column":24},"end":{"line":95,"column":67}},"60":{"start":{"line":97,"column":4},"end":{"line":97,"column":38}},"61":{"start":{"line":108,"column":2},"end":{"line":108,"column":15}}},"fnMap":{"0":{"name":"(anonymous_13)","decl":{"start":{"line":5,"column":16},"end":{"line":5,"column":23}},"loc":{"start":{"line":5,"column":54},"end":{"line":15,"column":2}}},"1":{"name":"(anonymous_14)","decl":{"start":{"line":5,"column":54},"end":{"line":5,"column":null}},"loc":{"start":{"line":5,"column":54},"end":{"line":15,"column":1}}},"2":{"name":"(anonymous_15)","decl":{"start":{"line":17,"column":18},"end":{"line":17,"column":25}},"loc":{"start":{"line":17,"column":56},"end":{"line":30,"column":2}}},"3":{"name":"(anonymous_16)","decl":{"start":{"line":17,"column":56},"end":{"line":17,"column":null}},"loc":{"start":{"line":17,"column":56},"end":{"line":30,"column":1}}},"4":{"name":"(anonymous_17)","decl":{"start":{"line":32,"column":19},"end":{"line":32,"column":26}},"loc":{"start":{"line":32,"column":57},"end":{"line":45,"column":2}}},"5":{"name":"(anonymous_18)","decl":{"start":{"line":32,"column":57},"end":{"line":32,"column":null}},"loc":{"start":{"line":32,"column":57},"end":{"line":45,"column":1}}},"6":{"name":"(anonymous_19)","decl":{"start":{"line":47,"column":19},"end":{"line":47,"column":26}},"loc":{"start":{"line":47,"column":57},"end":{"line":68,"column":2}}},"7":{"name":"(anonymous_20)","decl":{"start":{"line":47,"column":57},"end":{"line":47,"column":null}},"loc":{"start":{"line":47,"column":57},"end":{"line":68,"column":1}}},"8":{"name":"(anonymous_21)","decl":{"start":{"line":70,"column":20},"end":{"line":70,"column":27}},"loc":{"start":{"line":70,"column":58},"end":{"line":79,"column":2}}},"9":{"name":"(anonymous_22)","decl":{"start":{"line":70,"column":58},"end":{"line":70,"column":null}},"loc":{"start":{"line":70,"column":58},"end":{"line":79,"column":1}}},"10":{"name":"(anonymous_23)","decl":{"start":{"line":81,"column":26},"end":{"line":81,"column":33}},"loc":{"start":{"line":81,"column":64},"end":{"line":90,"column":2}}},"11":{"name":"(anonymous_24)","decl":{"start":{"line":81,"column":64},"end":{"line":81,"column":null}},"loc":{"start":{"line":81,"column":64},"end":{"line":90,"column":1}}},"12":{"name":"(anonymous_25)","decl":{"start":{"line":92,"column":22},"end":{"line":92,"column":29}},"loc":{"start":{"line":92,"column":60},"end":{"line":99,"column":2}}},"13":{"name":"(anonymous_26)","decl":{"start":{"line":92,"column":60},"end":{"line":92,"column":null}},"loc":{"start":{"line":92,"column":60},"end":{"line":99,"column":1}}}},"branchMap":{"0":{"loc":{"start":{"line":22,"column":4},"end":{"line":24,"column":null}},"type":"if","locations":[{"start":{"line":22,"column":4},"end":{"line":24,"column":null}}]},"1":{"loc":{"start":{"line":37,"column":4},"end":{"line":39,"column":null}},"type":"if","locations":[{"start":{"line":37,"column":4},"end":{"line":39,"column":null}}]},"2":{"loc":{"start":{"line":54,"column":4},"end":{"line":56,"column":null}},"type":"if","locations":[{"start":{"line":54,"column":4},"end":{"line":56,"column":null}}]},"3":{"loc":{"start":{"line":60,"column":4},"end":{"line":62,"column":null}},"type":"if","locations":[{"start":{"line":60,"column":4},"end":{"line":62,"column":null}}]}},"s":{"0":1,"1":1,"2":0,"3":0,"4":0,"5":0,"6":0,"7":0,"8":1,"9":1,"10":0,"11":0,"12":0,"13":0,"14":0,"15":0,"16":0,"17":0,"18":1,"19":1,"20":0,"21":0,"22":0,"23":0,"24":0,"25":0,"26":0,"27":0,"28":1,"29":1,"30":0,"31":0,"32":0,"33":0,"34":0,"35":0,"36":0,"37":0,"38":0,"39":0,"40":1,"41":1,"42":0,"43":0,"44":0,"45":0,"46":0,"47":1,"48":1,"49":0,"50":0,"51":0,"52":0,"53":0,"54":1,"55":1,"56":0,"57":0,"58":0,"59":0,"60":0,"61":1},"f":{"0":0,"1":0,"2":0,"3":0,"4":0,"5":0,"6":0,"7":0,"8":0,"9":0,"10":0,"11":0,"12":0,"13":0},"b":{"0":[0],"1":[0],"2":[0],"3":[0]}}
,"C:\\Users\\sally\\Codeworks\\LegacyProjec\\give-me-five-beers\\server\\model\\bar.model.ts": {"path":"C:\\Users\\sally\\Codeworks\\LegacyProjec\\give-me-five-beers\\server\\model\\bar.model.ts","statementMap":{"0":{"start":{"line":1,"column":0},"end":{"line":1,"column":35}},"1":{"start":{"line":3,"column":21},"end":{"line":9,"column":2}},"2":{"start":{"line":3,"column":32},"end":{"line":9,"column":2}},"3":{"start":{"line":4,"column":14},"end":{"line":4,"column":37}},"4":{"start":{"line":6,"column":16},"end":{"line":6,"column":46}},"5":{"start":{"line":8,"column":2},"end":{"line":8,"column":20}},"6":{"start":{"line":19,"column":9},"end":{"line":19,"column":21}},"7":{"start":{"line":11,"column":21},"end":{"line":17,"column":2}},"8":{"start":{"line":11,"column":42},"end":{"line":17,"column":2}},"9":{"start":{"line":12,"column":14},"end":{"line":12,"column":49}},"10":{"start":{"line":14,"column":2},"end":{"line":14,"column":19}},"11":{"start":{"line":16,"column":2},"end":{"line":16,"column":13}},"12":{"start":{"line":19,"column":23},"end":{"line":19,"column":35}}},"fnMap":{"0":{"name":"(anonymous_7)","decl":{"start":{"line":3,"column":21},"end":{"line":3,"column":30}},"loc":{"start":{"line":3,"column":32},"end":{"line":9,"column":2}}},"1":{"name":"(anonymous_8)","decl":{"start":{"line":3,"column":32},"end":{"line":3,"column":null}},"loc":{"start":{"line":3,"column":32},"end":{"line":9,"column":1}}},"2":{"name":"(anonymous_9)","decl":{"start":{"line":11,"column":21},"end":{"line":11,"column":28}},"loc":{"start":{"line":11,"column":42},"end":{"line":17,"column":2}}},"3":{"name":"(anonymous_10)","decl":{"start":{"line":11,"column":42},"end":{"line":11,"column":null}},"loc":{"start":{"line":11,"column":42},"end":{"line":17,"column":1}}}},"branchMap":{},"s":{"0":1,"1":1,"2":0,"3":0,"4":0,"5":0,"6":1,"7":1,"8":0,"9":0,"10":0,"11":0,"12":1},"f":{"0":0,"1":0,"2":0,"3":0},"b":{}}
,"C:\\Users\\sally\\Codeworks\\LegacyProjec\\give-me-five-beers\\server\\model\\choice.model.ts": {"path":"C:\\Users\\sally\\Codeworks\\LegacyProjec\\give-me-five-beers\\server\\model\\choice.model.ts","statementMap":{"0":{"start":{"line":1,"column":0},"end":{"line":1,"column":28}},"1":{"start":{"line":3,"column":0},"end":{"line":3,"column":49}},"2":{"start":{"line":11,"column":23},"end":{"line":30,"column":2}},"3":{"start":{"line":11,"column":68},"end":{"line":30,"column":2}},"4":{"start":{"line":12,"column":22},"end":{"line":15,"column":4}},"5":{"start":{"line":17,"column":2},"end":{"line":20,"column":null}},"6":{"start":{"line":19,"column":4},"end":{"line":19,"column":16}},"7":{"start":{"line":22,"column":20},"end":{"line":22,"column":78}},"8":{"start":{"line":24,"column":2},"end":{"line":27,"column":4}},"9":{"start":{"line":29,"column":2},"end":{"line":29,"column":19}},"10":{"start":{"line":32,"column":9},"end":{"line":32,"column":23}}},"fnMap":{"0":{"name":"(anonymous_8)","decl":{"start":{"line":11,"column":23},"end":{"line":11,"column":30}},"loc":{"start":{"line":11,"column":68},"end":{"line":30,"column":2}}},"1":{"name":"(anonymous_9)","decl":{"start":{"line":11,"column":68},"end":{"line":11,"column":null}},"loc":{"start":{"line":11,"column":68},"end":{"line":30,"column":1}}}},"branchMap":{"0":{"loc":{"start":{"line":17,"column":2},"end":{"line":20,"column":null}},"type":"if","locations":[{"start":{"line":17,"column":2},"end":{"line":20,"column":null}}]}},"s":{"0":1,"1":1,"2":1,"3":0,"4":0,"5":0,"6":0,"7":0,"8":0,"9":0,"10":1},"f":{"0":0,"1":0},"b":{"0":[0]}}
,"C:\\Users\\sally\\Codeworks\\LegacyProjec\\give-me-five-beers\\server\\model\\index.ts": {"path":"C:\\Users\\sally\\Codeworks\\LegacyProjec\\give-me-five-beers\\server\\model\\index.ts","statementMap":{"0":{"start":{"line":1,"column":0},"end":{"line":1,"column":33}},"1":{"start":{"line":3,"column":0},"end":{"line":3,"column":null}},"2":{"start":{"line":10,"column":18},"end":{"line":10,"column":43}},"3":{"start":{"line":15,"column":9},"end":{"line":15,"column":18}},"4":{"start":{"line":11,"column":18},"end":{"line":11,"column":43}},"5":{"start":{"line":15,"column":20},"end":{"line":15,"column":29}},"6":{"start":{"line":12,"column":17},"end":{"line":12,"column":40}},"7":{"start":{"line":15,"column":31},"end":{"line":15,"column":39}},"8":{"start":{"line":13,"column":20},"end":{"line":13,"column":49}},"9":{"start":{"line":15,"column":41},"end":{"line":15,"column":52}}},"fnMap":{},"branchMap":{},"s":{"0":1,"1":1,"2":1,"3":1,"4":1,"5":1,"6":1,"7":1,"8":1,"9":1},"f":{},"b":{}}
,"C:\\Users\\sally\\Codeworks\\LegacyProjec\\give-me-five-beers\\server\\model\\todo.model.ts": {"path":"C:\\Users\\sally\\Codeworks\\LegacyProjec\\give-me-five-beers\\server\\model\\todo.model.ts","statementMap":{"0":{"start":{"line":1,"column":0},"end":{"line":1,"column":28}},"1":{"start":{"line":2,"column":0},"end":{"line":2,"column":47}},"2":{"start":{"line":4,"column":16},"end":{"line":19,"column":2}},"3":{"start":{"line":4,"column":37},"end":{"line":19,"column":2}},"4":{"start":{"line":5,"column":16},"end":{"line":14,"column":4}},"5":{"start":{"line":18,"column":2},"end":{"line":18,"column":15}},"6":{"start":{"line":47,"column":19},"end":{"line":47,"column":26}},"7":{"start":{"line":21,"column":17},"end":{"line":33,"column":2}},"8":{"start":{"line":21,"column":37},"end":{"line":33,"column":2}},"9":{"start":{"line":22,"column":18},"end":{"line":22,"column":46}},"10":{"start":{"line":23,"column":2},"end":{"line":23,"column":23}},"11":{"start":{"line":24,"column":17},"end":{"line":24,"column":26}},"12":{"start":{"line":25,"column":17},"end":{"line":25,"column":27}},"13":{"start":{"line":27,"column":2},"end":{"line":30,"column":4}},"14":{"start":{"line":32,"column":2},"end":{"line":32,"column":17}},"15":{"start":{"line":47,"column":9},"end":{"line":47,"column":17}},"16":{"start":{"line":35,"column":17},"end":{"line":45,"column":2}},"17":{"start":{"line":35,"column":54},"end":{"line":45,"column":2}},"18":{"start":{"line":36,"column":22},"end":{"line":41,"column":null}},"19":{"start":{"line":44,"column":2},"end":{"line":44,"column":21}},"20":{"start":{"line":47,"column":28},"end":{"line":47,"column":36}}},"fnMap":{"0":{"name":"(anonymous_8)","decl":{"start":{"line":4,"column":16},"end":{"line":4,"column":23}},"loc":{"start":{"line":4,"column":37},"end":{"line":19,"column":2}}},"1":{"name":"(anonymous_9)","decl":{"start":{"line":4,"column":37},"end":{"line":4,"column":null}},"loc":{"start":{"line":4,"column":37},"end":{"line":19,"column":1}}},"2":{"name":"(anonymous_10)","decl":{"start":{"line":21,"column":17},"end":{"line":21,"column":24}},"loc":{"start":{"line":21,"column":37},"end":{"line":33,"column":2}}},"3":{"name":"(anonymous_11)","decl":{"start":{"line":21,"column":37},"end":{"line":21,"column":null}},"loc":{"start":{"line":21,"column":37},"end":{"line":33,"column":1}}},"4":{"name":"(anonymous_12)","decl":{"start":{"line":35,"column":17},"end":{"line":35,"column":24}},"loc":{"start":{"line":35,"column":54},"end":{"line":45,"column":2}}},"5":{"name":"(anonymous_13)","decl":{"start":{"line":35,"column":54},"end":{"line":35,"column":null}},"loc":{"start":{"line":35,"column":54},"end":{"line":45,"column":1}}}},"branchMap":{},"s":{"0":1,"1":1,"2":1,"3":0,"4":0,"5":0,"6":1,"7":1,"8":0,"9":0,"10":0,"11":0,"12":0,"13":0,"14":0,"15":1,"16":1,"17":0,"18":0,"19":0,"20":1},"f":{"0":0,"1":0,"2":0,"3":0,"4":0,"5":0},"b":{}}
,"C:\\Users\\sally\\Codeworks\\LegacyProjec\\give-me-five-beers\\server\\model\\user.model.ts": {"path":"C:\\Users\\sally\\Codeworks\\LegacyProjec\\give-me-five-beers\\server\\model\\user.model.ts","statementMap":{"0":{"start":{"line":1,"column":0},"end":{"line":1,"column":28}},"1":{"start":{"line":2,"column":0},"end":{"line":2,"column":28}},"2":{"start":{"line":4,"column":0},"end":{"line":4,"column":36}},"3":{"start":{"line":6,"column":16},"end":{"line":33,"column":2}},"4":{"start":{"line":6,"column":37},"end":{"line":33,"column":2}},"5":{"start":{"line":7,"column":16},"end":{"line":28,"column":11}},"6":{"start":{"line":30,"column":2},"end":{"line":30,"column":21}},"7":{"start":{"line":32,"column":2},"end":{"line":32,"column":15}},"8":{"start":{"line":106,"column":2},"end":{"line":106,"column":9}},"9":{"start":{"line":35,"column":18},"end":{"line":49,"column":2}},"10":{"start":{"line":35,"column":38},"end":{"line":49,"column":2}},"11":{"start":{"line":36,"column":33},"end":{"line":36,"column":37}},"12":{"start":{"line":38,"column":14},"end":{"line":38,"column":51}},"13":{"start":{"line":39,"column":2},"end":{"line":41,"column":null}},"14":{"start":{"line":40,"column":4},"end":{"line":40,"column":16}},"15":{"start":{"line":43,"column":24},"end":{"line":43,"column":75}},"16":{"start":{"line":44,"column":2},"end":{"line":46,"column":null}},"17":{"start":{"line":45,"column":4},"end":{"line":45,"column":16}},"18":{"start":{"line":48,"column":2},"end":{"line":48,"column":13}},"19":{"start":{"line":107,"column":2},"end":{"line":107,"column":11}},"20":{"start":{"line":51,"column":19},"end":{"line":62,"column":2}},"21":{"start":{"line":51,"column":39},"end":{"line":62,"column":2}},"22":{"start":{"line":52,"column":33},"end":{"line":52,"column":37}},"23":{"start":{"line":53,"column":22},"end":{"line":53,"column":59}},"24":{"start":{"line":54,"column":2},"end":{"line":56,"column":null}},"25":{"start":{"line":55,"column":4},"end":{"line":55,"column":16}},"26":{"start":{"line":58,"column":25},"end":{"line":58,"column":56}},"27":{"start":{"line":59,"column":14},"end":{"line":59,"column":75}},"28":{"start":{"line":61,"column":2},"end":{"line":61,"column":13}},"29":{"start":{"line":108,"column":2},"end":{"line":108,"column":12}},"30":{"start":{"line":64,"column":19},"end":{"line":77,"column":2}},"31":{"start":{"line":64,"column":41},"end":{"line":77,"column":2}},"32":{"start":{"line":65,"column":34},"end":{"line":65,"column":40}},"33":{"start":{"line":68,"column":15},"end":{"line":68,"column":55}},"34":{"start":{"line":69,"column":2},"end":{"line":71,"column":5}},"35":{"start":{"line":72,"column":2},"end":{"line":72,"column":21}},"36":{"start":{"line":74,"column":24},"end":{"line":74,"column":74}},"37":{"start":{"line":76,"column":2},"end":{"line":76,"column":23}},"38":{"start":{"line":109,"column":2},"end":{"line":109,"column":12}},"39":{"start":{"line":79,"column":20},"end":{"line":83,"column":2}},"40":{"start":{"line":79,"column":45},"end":{"line":83,"column":2}},"41":{"start":{"line":80,"column":22},"end":{"line":80,"column":71}},"42":{"start":{"line":82,"column":2},"end":{"line":82,"column":21}},"43":{"start":{"line":110,"column":2},"end":{"line":110,"column":13}},"44":{"start":{"line":85,"column":26},"end":{"line":91,"column":2}},"45":{"start":{"line":85,"column":51},"end":{"line":91,"column":2}},"46":{"start":{"line":86,"column":22},"end":{"line":88,"column":11}},"47":{"start":{"line":90,"column":2},"end":{"line":90,"column":21}},"48":{"start":{"line":111,"column":2},"end":{"line":111,"column":19}},"49":{"start":{"line":93,"column":22},"end":{"line":103,"column":2}},"50":{"start":{"line":93,"column":42},"end":{"line":103,"column":2}},"51":{"start":{"line":94,"column":25},"end":{"line":94,"column":29}},"52":{"start":{"line":96,"column":22},"end":{"line":100,"column":22}},"53":{"start":{"line":102,"column":2},"end":{"line":102,"column":21}},"54":{"start":{"line":112,"column":2},"end":{"line":112,"column":15}}},"fnMap":{"0":{"name":"(anonymous_8)","decl":{"start":{"line":6,"column":16},"end":{"line":6,"column":23}},"loc":{"start":{"line":6,"column":37},"end":{"line":33,"column":2}}},"1":{"name":"(anonymous_9)","decl":{"start":{"line":6,"column":37},"end":{"line":6,"column":null}},"loc":{"start":{"line":6,"column":37},"end":{"line":33,"column":1}}},"2":{"name":"(anonymous_10)","decl":{"start":{"line":35,"column":18},"end":{"line":35,"column":25}},"loc":{"start":{"line":35,"column":38},"end":{"line":49,"column":2}}},"3":{"name":"(anonymous_11)","decl":{"start":{"line":35,"column":38},"end":{"line":35,"column":null}},"loc":{"start":{"line":35,"column":38},"end":{"line":49,"column":1}}},"4":{"name":"(anonymous_12)","decl":{"start":{"line":51,"column":19},"end":{"line":51,"column":26}},"loc":{"start":{"line":51,"column":39},"end":{"line":62,"column":2}}},"5":{"name":"(anonymous_13)","decl":{"start":{"line":51,"column":39},"end":{"line":51,"column":null}},"loc":{"start":{"line":51,"column":39},"end":{"line":62,"column":1}}},"6":{"name":"(anonymous_14)","decl":{"start":{"line":64,"column":19},"end":{"line":64,"column":26}},"loc":{"start":{"line":64,"column":41},"end":{"line":77,"column":2}}},"7":{"name":"(anonymous_15)","decl":{"start":{"line":64,"column":41},"end":{"line":64,"column":null}},"loc":{"start":{"line":64,"column":41},"end":{"line":77,"column":1}}},"8":{"name":"(anonymous_16)","decl":{"start":{"line":79,"column":20},"end":{"line":79,"column":27}},"loc":{"start":{"line":79,"column":45},"end":{"line":83,"column":2}}},"9":{"name":"(anonymous_17)","decl":{"start":{"line":79,"column":45},"end":{"line":79,"column":null}},"loc":{"start":{"line":79,"column":45},"end":{"line":83,"column":1}}},"10":{"name":"(anonymous_18)","decl":{"start":{"line":85,"column":26},"end":{"line":85,"column":33}},"loc":{"start":{"line":85,"column":51},"end":{"line":91,"column":2}}},"11":{"name":"(anonymous_19)","decl":{"start":{"line":85,"column":51},"end":{"line":85,"column":null}},"loc":{"start":{"line":85,"column":51},"end":{"line":91,"column":1}}},"12":{"name":"(anonymous_20)","decl":{"start":{"line":93,"column":22},"end":{"line":93,"column":29}},"loc":{"start":{"line":93,"column":42},"end":{"line":103,"column":2}}},"13":{"name":"(anonymous_21)","decl":{"start":{"line":93,"column":42},"end":{"line":93,"column":null}},"loc":{"start":{"line":93,"column":42},"end":{"line":103,"column":1}}}},"branchMap":{"0":{"loc":{"start":{"line":39,"column":2},"end":{"line":41,"column":null}},"type":"if","locations":[{"start":{"line":39,"column":2},"end":{"line":41,"column":null}}]},"1":{"loc":{"start":{"line":43,"column":55},"end":{"line":43,"column":74}},"type":"binary-expr","locations":[{"start":{"line":43,"column":55},"end":{"line":43,"column":68}},{"start":{"line":43,"column":72},"end":{"line":43,"column":74}}]},"2":{"loc":{"start":{"line":43,"column":55},"end":{"line":43,"column":68}},"type":"cond-expr","locations":[{"start":{"line":43,"column":58},"end":{"line":43,"column":60}},{"start":{"line":43,"column":55},"end":{"line":43,"column":68}}]},"3":{"loc":{"start":{"line":43,"column":55},"end":{"line":43,"column":60}},"type":"binary-expr","locations":[{"start":{"line":43,"column":55},"end":{"line":43,"column":60}},{"start":{"line":43,"column":55},"end":{"line":43,"column":60}}]},"4":{"loc":{"start":{"line":44,"column":2},"end":{"line":46,"column":null}},"type":"if","locations":[{"start":{"line":44,"column":2},"end":{"line":46,"column":null}}]},"5":{"loc":{"start":{"line":54,"column":2},"end":{"line":56,"column":null}},"type":"if","locations":[{"start":{"line":54,"column":2},"end":{"line":56,"column":null}}]},"6":{"loc":{"start":{"line":69,"column":8},"end":{"line":71,"column":4}},"type":"cond-expr","locations":[{"start":{"line":69,"column":12},"end":{"line":69,"column":14}},{"start":{"line":69,"column":8},"end":{"line":71,"column":4}}]},"7":{"loc":{"start":{"line":69,"column":8},"end":{"line":69,"column":14}},"type":"binary-expr","locations":[{"start":{"line":69,"column":8},"end":{"line":69,"column":14}},{"start":{"line":69,"column":8},"end":{"line":69,"column":14}}]},"8":{"loc":{"start":{"line":72,"column":8},"end":{"line":72,"column":20}},"type":"cond-expr","locations":[{"start":{"line":72,"column":12},"end":{"line":72,"column":14}},{"start":{"line":72,"column":8},"end":{"line":72,"column":20}}]},"9":{"loc":{"start":{"line":72,"column":8},"end":{"line":72,"column":14}},"type":"binary-expr","locations":[{"start":{"line":72,"column":8},"end":{"line":72,"column":14}},{"start":{"line":72,"column":8},"end":{"line":72,"column":14}}]}},"s":{"0":1,"1":1,"2":1,"3":1,"4":0,"5":0,"6":0,"7":0,"8":1,"9":1,"10":0,"11":0,"12":0,"13":0,"14":0,"15":0,"16":0,"17":0,"18":0,"19":1,"20":1,"21":0,"22":0,"23":0,"24":0,"25":0,"26":0,"27":0,"28":0,"29":1,"30":1,"31":0,"32":0,"33":0,"34":0,"35":0,"36":0,"37":0,"38":1,"39":1,"40":0,"41":0,"42":0,"43":1,"44":1,"45":0,"46":0,"47":0,"48":1,"49":1,"50":0,"51":0,"52":0,"53":0,"54":1},"f":{"0":0,"1":0,"2":0,"3":0,"4":0,"5":0,"6":0,"7":0,"8":0,"9":0,"10":0,"11":0,"12":0,"13":0},"b":{"0":[0],"1":[0,0],"2":[0,0],"3":[0,0],"4":[0],"5":[0],"6":[0,0],"7":[0,0],"8":[0,0],"9":[0,0]}}
,"C:\\Users\\sally\\Codeworks\\LegacyProjec\\give-me-five-beers\\server\\schema\\bar.schema.ts": {"path":"C:\\Users\\sally\\Codeworks\\LegacyProjec\\give-me-five-beers\\server\\schema\\bar.schema.ts","statementMap":{"0":{"start":{"line":1,"column":0},"end":{"line":1,"column":41}},"1":{"start":{"line":3,"column":13},"end":{"line":12,"column":3}}},"fnMap":{},"branchMap":{},"s":{"0":1,"1":1},"f":{},"b":{}}
,"C:\\Users\\sally\\Codeworks\\LegacyProjec\\give-me-five-beers\\server\\schema\\choice.schema.ts": {"path":"C:\\Users\\sally\\Codeworks\\LegacyProjec\\give-me-five-beers\\server\\schema\\choice.schema.ts","statementMap":{"0":{"start":{"line":1,"column":0},"end":{"line":1,"column":41}},"1":{"start":{"line":3,"column":13},"end":{"line":19,"column":3}}},"fnMap":{},"branchMap":{},"s":{"0":1,"1":1},"f":{},"b":{}}
,"C:\\Users\\sally\\Codeworks\\LegacyProjec\\give-me-five-beers\\server\\schema\\index.ts": {"path":"C:\\Users\\sally\\Codeworks\\LegacyProjec\\give-me-five-beers\\server\\schema\\index.ts","statementMap":{"0":{"start":{"line":1,"column":0},"end":{"line":1,"column":9}},"1":{"start":{"line":6,"column":9},"end":{"line":1,"column":43}},"2":{"start":{"line":2,"column":0},"end":{"line":2,"column":9}},"3":{"start":{"line":6,"column":21},"end":{"line":2,"column":43}},"4":{"start":{"line":3,"column":0},"end":{"line":3,"column":9}},"5":{"start":{"line":6,"column":33},"end":{"line":3,"column":41}},"6":{"start":{"line":4,"column":0},"end":{"line":4,"column":9}},"7":{"start":{"line":6,"column":44},"end":{"line":4,"column":47}}},"fnMap":{"0":{"name":"(anonymous_0)","decl":{"start":{"line":6,"column":9},"end":{"line":6,"column":19}},"loc":{"start":{"line":6,"column":9},"end":{"line":1,"column":43}}},"1":{"name":"(anonymous_1)","decl":{"start":{"line":6,"column":21},"end":{"line":6,"column":31}},"loc":{"start":{"line":6,"column":21},"end":{"line":2,"column":43}}},"2":{"name":"(anonymous_2)","decl":{"start":{"line":6,"column":33},"end":{"line":6,"column":42}},"loc":{"start":{"line":6,"column":33},"end":{"line":3,"column":41}}},"3":{"name":"(anonymous_3)","decl":{"start":{"line":6,"column":44},"end":{"line":6,"column":56}},"loc":{"start":{"line":6,"column":44},"end":{"line":4,"column":47}}}},"branchMap":{},"s":{"0":1,"1":2,"2":1,"3":2,"4":1,"5":2,"6":1,"7":2},"f":{"0":1,"1":1,"2":1,"3":1},"b":{}}
,"C:\\Users\\sally\\Codeworks\\LegacyProjec\\give-me-five-beers\\server\\schema\\todo.schema.ts": {"path":"C:\\Users\\sally\\Codeworks\\LegacyProjec\\give-me-five-beers\\server\\schema\\todo.schema.ts","statementMap":{"0":{"start":{"line":1,"column":0},"end":{"line":1,"column":41}},"1":{"start":{"line":3,"column":13},"end":{"line":20,"column":3}}},"fnMap":{},"branchMap":{},"s":{"0":1,"1":1},"f":{},"b":{}}
,"C:\\Users\\sally\\Codeworks\\LegacyProjec\\give-me-five-beers\\server\\schema\\user.schema.ts": {"path":"C:\\Users\\sally\\Codeworks\\LegacyProjec\\give-me-five-beers\\server\\schema\\user.schema.ts","statementMap":{"0":{"start":{"line":1,"column":0},"end":{"line":1,"column":41}},"1":{"start":{"line":3,"column":13},"end":{"line":36,"column":3}}},"fnMap":{},"branchMap":{},"s":{"0":1,"1":1},"f":{},"b":{}}
}
