TN:
SF:dbConfig.ts
FN:3,(anonymous_7)
FN:3,(anonymous_8)
FN:5,(anonymous_9)
FNF:3
FNH:2
FNDA:1,(anonymous_7)
FNDA:1,(anonymous_8)
FNDA:0,(anonymous_9)
DA:1,1
DA:3,1
DA:4,1
DA:5,1
DA:6,0
DA:9,0
DA:10,0
LF:7
LH:4
BRF:0
BRH:0
end_of_record
TN:
SF:index.ts
FN:18,(anonymous_1)
FNF:1
FNH:1
FNDA:1,(anonymous_1)
DA:1,1
DA:2,1
DA:3,1
DA:5,1
DA:6,1
DA:8,1
DA:9,1
DA:11,1
DA:12,1
DA:14,1
DA:15,1
DA:16,1
DA:18,1
DA:19,1
DA:23,1
LF:15
LH:15
BRF:0
BRH:0
end_of_record
TN:
SF:router.ts
FN:10,(anonymous_6)
FNF:1
FNH:1
FNDA:1,(anonymous_6)
DA:1,1
DA:3,1
DA:4,1
DA:5,1
DA:6,1
DA:8,1
DA:10,1
DA:11,1
DA:14,1
DA:15,1
DA:17,1
DA:18,1
DA:20,1
DA:21,1
DA:22,1
DA:26,1
DA:27,1
DA:29,1
DA:34,1
DA:36,1
DA:37,1
DA:38,1
DA:40,1
LF:23
LH:23
BRF:0
BRH:0
end_of_record
TN:
SF:controller\bar.controller.ts
FN:15,(anonymous_13)
FN:15,(anonymous_14)
FN:22,(anonymous_15)
FN:22,(anonymous_16)
FNF:4
FNH:0
FNDA:0,(anonymous_13)
FNDA:0,(anonymous_14)
FNDA:0,(anonymous_15)
FNDA:0,(anonymous_16)
DA:3,1
DA:15,1
DA:16,0
DA:17,0
DA:18,0
DA:22,1
DA:23,0
DA:26,0
DA:28,0
DA:29,0
DA:31,0
DA:36,1
LF:12
LH:4
BRDA:28,0,0,0
BRF:1
BRH:0
end_of_record
TN:
SF:controller\choice.controller.ts
FN:5,(anonymous_13)
FN:5,(anonymous_14)
FNF:2
FNH:0
FNDA:0,(anonymous_13)
FNDA:0,(anonymous_14)
DA:3,1
DA:5,1
DA:6,0
DA:10,0
DA:12,0
DA:13,0
DA:16,0
DA:22,0
DA:23,0
DA:26,0
DA:28,0
DA:32,1
LF:12
LH:3
BRDA:12,0,0,0
BRDA:12,1,0,0
BRDA:12,1,1,0
BRDA:22,2,0,0
BRF:4
BRH:0
end_of_record
TN:
SF:controller\todo.controller.ts
FN:5,(anonymous_13)
FN:5,(anonymous_14)
FN:18,(anonymous_15)
FN:18,(anonymous_16)
FN:29,(anonymous_17)
FN:29,(anonymous_18)
FNF:6
FNH:0
FNDA:0,(anonymous_13)
FNDA:0,(anonymous_14)
FNDA:0,(anonymous_15)
FNDA:0,(anonymous_16)
FNDA:0,(anonymous_17)
FNDA:0,(anonymous_18)
DA:3,1
DA:5,1
DA:6,0
DA:9,0
DA:10,0
DA:12,0
DA:14,0
DA:18,1
DA:19,0
DA:20,0
DA:21,0
DA:23,0
DA:25,0
DA:29,1
DA:30,0
DA:33,0
DA:34,0
DA:36,0
DA:38,0
DA:42,1
LF:20
LH:5
BRF:0
BRH:0
end_of_record
TN:
SF:controller\user.controller.ts
FN:5,(anonymous_13)
FN:5,(anonymous_14)
FN:17,(anonymous_15)
FN:17,(anonymous_16)
FN:32,(anonymous_17)
FN:32,(anonymous_18)
FN:47,(anonymous_19)
FN:47,(anonymous_20)
FN:70,(anonymous_21)
FN:70,(anonymous_22)
FN:81,(anonymous_23)
FN:81,(anonymous_24)
FN:92,(anonymous_25)
FN:92,(anonymous_26)
FNF:14
FNH:0
FNDA:0,(anonymous_13)
FNDA:0,(anonymous_14)
FNDA:0,(anonymous_15)
FNDA:0,(anonymous_16)
FNDA:0,(anonymous_17)
FNDA:0,(anonymous_18)
FNDA:0,(anonymous_19)
FNDA:0,(anonymous_20)
FNDA:0,(anonymous_21)
FNDA:0,(anonymous_22)
FNDA:0,(anonymous_23)
FNDA:0,(anonymous_24)
FNDA:0,(anonymous_25)
FNDA:0,(anonymous_26)
DA:3,1
DA:5,1
DA:6,0
DA:9,0
DA:10,0
DA:11,0
DA:13,0
DA:17,1
DA:18,0
DA:19,0
DA:20,0
DA:22,0
DA:23,0
DA:26,0
DA:28,0
DA:32,1
DA:33,0
DA:34,0
DA:35,0
DA:37,0
DA:38,0
DA:41,0
DA:43,0
DA:47,1
DA:48,0
DA:52,0
DA:54,0
DA:55,0
DA:58,0
DA:60,0
DA:61,0
DA:64,0
DA:66,0
DA:70,1
DA:71,0
DA:74,0
DA:75,0
DA:77,0
DA:81,1
DA:82,0
DA:85,0
DA:86,0
DA:88,0
DA:92,1
DA:93,0
DA:94,0
DA:95,0
DA:97,0
DA:102,1
DA:103,1
DA:104,1
DA:105,1
DA:106,1
DA:107,1
DA:108,1
LF:55
LH:15
BRDA:22,0,0,0
BRDA:37,1,0,0
BRDA:54,2,0,0
BRDA:60,3,0,0
BRF:4
BRH:0
end_of_record
TN:
SF:model\bar.model.ts
FN:3,(anonymous_7)
FN:3,(anonymous_8)
FN:11,(anonymous_9)
FN:11,(anonymous_10)
FNF:4
FNH:0
FNDA:0,(anonymous_7)
FNDA:0,(anonymous_8)
FNDA:0,(anonymous_9)
FNDA:0,(anonymous_10)
DA:1,1
DA:3,1
DA:4,0
DA:6,0
DA:8,0
DA:11,1
DA:12,0
DA:14,0
DA:16,0
DA:19,1
LF:10
LH:4
BRF:0
BRH:0
end_of_record
TN:
SF:model\choice.model.ts
FN:11,(anonymous_8)
FN:11,(anonymous_9)
FNF:2
FNH:0
FNDA:0,(anonymous_8)
FNDA:0,(anonymous_9)
DA:1,1
DA:3,1
DA:11,1
DA:12,0
DA:17,0
DA:19,0
DA:22,0
DA:24,0
DA:29,0
DA:32,1
LF:10
LH:4
BRDA:17,0,0,0
BRF:1
BRH:0
end_of_record
TN:
SF:model\index.ts
FNF:0
FNH:0
DA:1,1
DA:3,1
DA:10,1
DA:11,1
DA:12,1
DA:13,1
DA:15,1
LF:7
LH:7
BRF:0
BRH:0
end_of_record
TN:
SF:model\todo.model.ts
FN:4,(anonymous_8)
FN:4,(anonymous_9)
FN:21,(anonymous_10)
FN:21,(anonymous_11)
FN:35,(anonymous_12)
FN:35,(anonymous_13)
FNF:6
FNH:0
FNDA:0,(anonymous_8)
FNDA:0,(anonymous_9)
FNDA:0,(anonymous_10)
FNDA:0,(anonymous_11)
FNDA:0,(anonymous_12)
FNDA:0,(anonymous_13)
DA:1,1
DA:2,1
DA:4,1
DA:5,0
DA:18,0
DA:21,1
DA:22,0
DA:23,0
DA:24,0
DA:25,0
DA:27,0
DA:32,0
DA:35,1
DA:36,0
DA:44,0
DA:47,1
LF:16
LH:6
BRF:0
BRH:0
end_of_record
TN:
SF:model\user.model.ts
FN:6,(anonymous_8)
FN:6,(anonymous_9)
FN:35,(anonymous_10)
FN:35,(anonymous_11)
FN:51,(anonymous_12)
FN:51,(anonymous_13)
FN:64,(anonymous_14)
FN:64,(anonymous_15)
FN:79,(anonymous_16)
FN:79,(anonymous_17)
FN:85,(anonymous_18)
FN:85,(anonymous_19)
FN:93,(anonymous_20)
FN:93,(anonymous_21)
FNF:14
FNH:0
FNDA:0,(anonymous_8)
FNDA:0,(anonymous_9)
FNDA:0,(anonymous_10)
FNDA:0,(anonymous_11)
FNDA:0,(anonymous_12)
FNDA:0,(anonymous_13)
FNDA:0,(anonymous_14)
FNDA:0,(anonymous_15)
FNDA:0,(anonymous_16)
FNDA:0,(anonymous_17)
FNDA:0,(anonymous_18)
FNDA:0,(anonymous_19)
FNDA:0,(anonymous_20)
FNDA:0,(anonymous_21)
DA:1,1
DA:2,1
DA:4,1
DA:6,1
DA:7,0
DA:30,0
DA:32,0
DA:35,1
DA:36,0
DA:38,0
DA:39,0
DA:40,0
DA:43,0
DA:44,0
DA:45,0
DA:48,0
DA:51,1
DA:52,0
DA:53,0
DA:54,0
DA:55,0
DA:58,0
DA:59,0
DA:61,0
DA:64,1
DA:65,0
DA:68,0
DA:69,0
DA:72,0
DA:74,0
DA:76,0
DA:79,1
DA:80,0
DA:82,0
DA:85,1
DA:86,0
DA:90,0
DA:93,1
DA:94,0
DA:96,0
DA:102,0
DA:106,1
DA:107,1
DA:108,1
DA:109,1
DA:110,1
DA:111,1
DA:112,1
LF:48
LH:17
BRDA:39,0,0,0
BRDA:43,1,0,0
BRDA:43,1,1,0
BRDA:43,2,0,0
BRDA:43,2,1,0
BRDA:43,3,0,0
BRDA:43,3,1,0
BRDA:44,4,0,0
BRDA:54,5,0,0
BRDA:69,6,0,0
BRDA:69,6,1,0
BRDA:69,7,0,0
BRDA:69,7,1,0
BRDA:72,8,0,0
BRDA:72,8,1,0
BRDA:72,9,0,0
BRDA:72,9,1,0
BRF:17
BRH:0
end_of_record
TN:
SF:schema\bar.schema.ts
FNF:0
FNH:0
DA:1,1
DA:3,1
LF:2
LH:2
BRF:0
BRH:0
end_of_record
TN:
SF:schema\choice.schema.ts
FNF:0
FNH:0
DA:1,1
DA:3,1
LF:2
LH:2
BRF:0
BRH:0
end_of_record
TN:
SF:schema\index.ts
FN:6,(anonymous_0)
FN:6,(anonymous_1)
FN:6,(anonymous_2)
FN:6,(anonymous_3)
FNF:4
FNH:4
FNDA:1,(anonymous_0)
FNDA:1,(anonymous_1)
FNDA:1,(anonymous_2)
FNDA:1,(anonymous_3)
DA:1,1
DA:2,1
DA:3,1
DA:4,1
DA:6,2
LF:5
LH:5
BRF:0
BRH:0
end_of_record
TN:
SF:schema\todo.schema.ts
FNF:0
FNH:0
DA:1,1
DA:3,1
LF:2
LH:2
BRF:0
BRH:0
end_of_record
TN:
SF:schema\user.schema.ts
FNF:0
FNH:0
DA:1,1
DA:3,1
LF:2
LH:2
BRF:0
BRH:0
end_of_record
